<?xml version="1.0" encoding="UTF-8"?>
<testsuites name="jest tests" tests="7" failures="0" errors="0" time="3.176">
  <testsuite name="GET /" errors="0" failures="0" skipped="0" timestamp="2026-09-21T03:59:21" time="3.153" tests="7">
    <testcase classname="GET /" name="serves the index page" time="0.011">
    </testcase>
    <testcase classname="GET /api/status" name="returns expected top-level numeric fields" time="0">
    </testcase>
    <testcase classname="GET /api/status" name="returns a valid ISO timestamp" time="0">
    </testcase>
    <testcase classname="GET /api/status" name="returns history arrays of length 30" time="0">
    </testcase>
    <testcase classname="GET /api/status" name="returns 7 hospitals with required fields" time="0.001">
    </testcase>
    <testcase classname="GET /api/status" name="activePatients is in expected range" time="0">
    </testcase>
    <testcase classname="GET /api/trigger-anomaly" name="returns anomaly confirmation message" time="3.001">
    </testcase>
  </testsuite>
</testsuites>